2025-08-21 16:14:34,391 - src.core.config - INFO - Configuration loaded from: C:\laragon\www\open-source\pyscaffolder\config\config.yml
2025-08-21 16:14:34,392 - __main__ - INFO - Starting PyScaffolder...
2025-08-21 16:14:34,392 - __main__ - INFO - Using UI mode: auto
2025-08-21 16:14:34,392 - src.main - INFO - Starting PyScaffolder...
2025-08-21 16:14:34,392 - src.main - INFO - Using UI mode: cli
2025-08-21 16:14:34,392 - src.main - INFO - Starting CLI mode...
2025-08-21 16:16:20,064 - src.core.config - INFO - Configuration loaded from: C:\laragon\www\open-source\pyscaffolder\config\config.yml
2025-08-21 16:16:20,074 - __main__ - INFO - Starting PyScaffolder...
2025-08-21 16:16:20,074 - __main__ - INFO - Using UI mode: auto
2025-08-21 16:16:20,074 - src.main - INFO - Starting PyScaffolder...
2025-08-21 16:16:20,074 - src.main - INFO - Using UI mode: cli
2025-08-21 16:16:20,074 - src.main - INFO - Starting CLI mode...
2025-08-21 16:33:46,331 - src.core.config - INFO - Configuration loaded from: C:\laragon\www\open-source\pyscaffolder\config\config.yml
2025-08-21 16:33:46,333 - __main__ - INFO - Starting PyScaffolder...
2025-08-21 16:33:46,333 - __main__ - INFO - Using UI mode: auto
2025-08-21 16:33:46,333 - src.main - INFO - Starting PyScaffolder...
2025-08-21 16:33:46,334 - src.main - INFO - Using UI mode: cli
2025-08-21 16:33:46,334 - src.main - INFO - Starting CLI mode...
2025-08-21 16:35:33,405 - src.core.config - INFO - Configuration loaded from: C:\laragon\www\open-source\pyscaffolder\config\config.yml
2025-08-21 16:35:33,407 - __main__ - INFO - Starting PyScaffolder...
2025-08-21 16:35:33,407 - __main__ - INFO - Using UI mode: auto
2025-08-21 16:35:33,408 - src.main - INFO - Starting PyScaffolder...
2025-08-21 16:35:33,408 - src.main - INFO - Using UI mode: cli
2025-08-21 16:35:33,408 - src.main - INFO - Starting CLI mode...
2025-08-21 16:46:50,033 - src.core.config - INFO - Configuration loaded from: C:\laragon\www\open-source\pyscaffolder\config\config.yml
2025-08-21 16:46:50,034 - __main__ - INFO - Starting PyScaffolder...
2025-08-21 16:46:50,035 - __main__ - INFO - Using UI mode: auto
2025-08-21 16:46:50,035 - src.main - INFO - Starting PyScaffolder...
2025-08-21 16:46:50,035 - src.main - INFO - Using UI mode: cli
2025-08-21 16:46:50,035 - src.main - INFO - Starting CLI mode...
2025-08-21 16:48:15,731 - src.core.config - INFO - Configuration loaded from: C:\laragon\www\open-source\pyscaffolder\config\config.yml
2025-08-21 16:48:15,731 - __main__ - INFO - Starting PyScaffolder...
2025-08-21 16:48:15,733 - __main__ - INFO - Using UI mode: auto
2025-08-21 16:48:15,733 - src.main - INFO - Starting PyScaffolder...
2025-08-21 16:48:15,733 - src.main - INFO - Using UI mode: cli
2025-08-21 16:48:15,733 - src.main - INFO - Starting CLI mode...
2025-08-21 16:49:14,033 - src.core.config - INFO - Configuration loaded from: C:\laragon\www\open-source\pyscaffolder\config\config.yml
2025-08-21 16:49:14,034 - __main__ - INFO - Starting PyScaffolder...
2025-08-21 16:49:14,034 - __main__ - INFO - Using UI mode: auto
2025-08-21 16:49:14,035 - src.main - INFO - Starting PyScaffolder...
2025-08-21 16:49:14,035 - src.main - INFO - Using UI mode: cli
2025-08-21 16:49:14,035 - src.main - INFO - Starting CLI mode...
2025-08-21 16:49:30,775 - src.core.config - INFO - Configuration loaded from: C:\laragon\www\open-source\pyscaffolder\config\config.yml
2025-08-21 16:49:30,776 - __main__ - INFO - Starting PyScaffolder...
2025-08-21 16:49:30,777 - __main__ - INFO - Using UI mode: auto
2025-08-21 16:49:30,777 - src.main - INFO - Starting PyScaffolder...
2025-08-21 16:49:30,777 - src.main - INFO - Using UI mode: cli
2025-08-21 16:49:30,777 - src.main - INFO - Starting CLI mode...
2025-08-21 16:59:23,927 - src.core.config - INFO - Configuration loaded from: C:\laragon\www\open-source\pyscaffolder\config\config.yml
2025-08-21 16:59:23,928 - __main__ - INFO - Starting PyScaffolder...
2025-08-21 16:59:23,928 - __main__ - INFO - Using UI mode: auto
2025-08-21 16:59:23,928 - src.main - INFO - Starting PyScaffolder...
2025-08-21 16:59:23,928 - src.main - INFO - Using UI mode: cli
2025-08-21 16:59:23,928 - src.main - INFO - Starting CLI mode...
2025-08-21 17:01:57,429 - src.core.config - INFO - Configuration loaded from: C:\laragon\www\open-source\pyscaffolder\config\config.yml
2025-08-21 17:01:57,430 - __main__ - INFO - Starting PyScaffolder...
2025-08-21 17:01:57,431 - __main__ - INFO - Using UI mode: auto
2025-08-21 17:01:57,431 - src.main - INFO - Starting PyScaffolder...
2025-08-21 17:01:57,431 - src.main - INFO - Using UI mode: cli
2025-08-21 17:01:57,431 - src.main - INFO - Starting CLI mode...
2025-08-21 17:04:17,520 - src.core.config - INFO - Configuration loaded from: C:\laragon\www\open-source\pyscaffolder\config\config.yml
2025-08-21 17:04:17,521 - __main__ - INFO - Starting PyScaffolder...
2025-08-21 17:04:17,522 - __main__ - INFO - Using UI mode: auto
2025-08-21 17:04:17,522 - src.main - INFO - Starting PyScaffolder...
2025-08-21 17:04:17,522 - src.main - INFO - Using UI mode: cli
2025-08-21 17:04:17,522 - src.main - INFO - Starting CLI mode...
2025-08-21 17:08:35,057 - src.core.config - INFO - Configuration loaded from: C:\laragon\www\open-source\pyscaffolder\config\config.yml
2025-08-21 17:08:35,058 - __main__ - INFO - Starting PyScaffolder...
2025-08-21 17:08:35,058 - __main__ - INFO - Using UI mode: auto
2025-08-21 17:08:35,058 - src.main - INFO - Starting PyScaffolder...
2025-08-21 17:08:35,058 - src.main - INFO - Using UI mode: cli
2025-08-21 17:08:35,059 - src.main - INFO - Starting CLI mode...
2025-08-21 17:09:18,140 - src.core.config - INFO - Configuration loaded from: C:\laragon\www\open-source\pyscaffolder\config\config.yml
2025-08-21 17:09:18,141 - __main__ - INFO - Starting PyScaffolder...
2025-08-21 17:09:18,141 - __main__ - INFO - Using UI mode: auto
2025-08-21 17:09:18,142 - src.main - INFO - Starting PyScaffolder...
2025-08-21 17:09:18,142 - src.main - INFO - Using UI mode: cli
2025-08-21 17:09:18,142 - src.main - INFO - Starting CLI mode...
2025-08-21 17:09:36,871 - src.core.config - INFO - Configuration loaded from: C:\laragon\www\open-source\pyscaffolder\config\config.yml
2025-08-21 17:09:36,872 - __main__ - INFO - Starting PyScaffolder...
2025-08-21 17:09:36,873 - __main__ - INFO - Using UI mode: auto
2025-08-21 17:09:36,873 - src.main - INFO - Starting PyScaffolder...
2025-08-21 17:09:36,873 - src.main - INFO - Using UI mode: cli
2025-08-21 17:09:36,873 - src.main - INFO - Starting CLI mode...
2025-08-21 17:09:57,829 - src.core.config - INFO - Configuration loaded from: C:\laragon\www\open-source\pyscaffolder\config\config.yml
2025-08-21 17:09:57,830 - __main__ - INFO - Starting PyScaffolder...
2025-08-21 17:09:57,830 - __main__ - INFO - Using UI mode: auto
2025-08-21 17:09:57,831 - src.main - INFO - Starting PyScaffolder...
2025-08-21 17:09:57,831 - src.main - INFO - Using UI mode: cli
2025-08-21 17:09:57,832 - src.main - INFO - Starting CLI mode...
2025-08-21 17:10:12,752 - src.core.config - INFO - Configuration loaded from: C:\laragon\www\open-source\pyscaffolder\config\config.yml
2025-08-21 17:10:12,753 - __main__ - INFO - Starting PyScaffolder...
2025-08-21 17:10:12,753 - __main__ - INFO - Using UI mode: auto
2025-08-21 17:10:12,753 - src.main - INFO - Starting PyScaffolder...
2025-08-21 17:10:12,754 - src.main - INFO - Using UI mode: cli
2025-08-21 17:10:12,754 - src.main - INFO - Starting CLI mode...
2025-08-21 17:10:28,502 - src.core.config - INFO - Configuration loaded from: C:\laragon\www\open-source\pyscaffolder\config\config.yml
2025-08-21 17:10:28,503 - __main__ - INFO - Starting PyScaffolder...
2025-08-21 17:10:28,504 - __main__ - INFO - Using UI mode: auto
2025-08-21 17:10:28,504 - src.main - INFO - Starting PyScaffolder...
2025-08-21 17:10:28,504 - src.main - INFO - Using UI mode: cli
2025-08-21 17:10:28,504 - src.main - INFO - Starting CLI mode...
2025-08-21 17:11:55,067 - src.core.config - INFO - Configuration loaded from: C:\laragon\www\open-source\pyscaffolder\config\config.yml
2025-08-21 17:11:55,068 - __main__ - INFO - Starting PyScaffolder...
2025-08-21 17:11:55,069 - __main__ - INFO - Using UI mode: auto
2025-08-21 17:11:55,069 - src.main - INFO - Starting PyScaffolder...
2025-08-21 17:11:55,069 - src.main - INFO - Using UI mode: cli
2025-08-21 17:11:55,070 - src.main - INFO - Starting CLI mode...
2025-08-21 17:13:44,250 - src.core.config - INFO - Configuration loaded from: C:\laragon\www\open-source\pyscaffolder\config\config.yml
2025-08-21 17:13:44,251 - __main__ - INFO - Starting PyScaffolder...
2025-08-21 17:13:44,251 - __main__ - INFO - Using UI mode: auto
2025-08-21 17:13:44,252 - src.main - INFO - Starting PyScaffolder...
2025-08-21 17:13:44,253 - src.main - INFO - Using UI mode: cli
2025-08-21 17:13:44,253 - src.main - INFO - Starting CLI mode...
2025-08-21 17:16:12,204 - src.core.config - INFO - Configuration loaded from: C:\laragon\www\open-source\pyscaffolder\config\config.yml
2025-08-21 17:16:12,205 - __main__ - INFO - Starting PyScaffolder...
2025-08-21 17:16:12,205 - __main__ - INFO - Using UI mode: auto
2025-08-21 17:16:12,205 - src.main - INFO - Starting PyScaffolder...
2025-08-21 17:16:12,205 - src.main - INFO - Using UI mode: cli
2025-08-21 17:16:12,205 - src.main - INFO - Starting CLI mode...
2025-08-21 17:19:52,833 - src.core.config - INFO - Configuration loaded from: C:\laragon\www\open-source\pyscaffolder\config\config.yml
2025-08-21 17:19:52,834 - __main__ - INFO - Starting PyScaffolder...
2025-08-21 17:19:52,835 - __main__ - INFO - Using UI mode: auto
2025-08-21 17:19:52,835 - src.main - INFO - Starting PyScaffolder...
2025-08-21 17:19:52,836 - src.main - INFO - Using UI mode: cli
2025-08-21 17:19:52,836 - src.main - INFO - Starting CLI mode...
2025-08-21 17:20:54,723 - src.core.config - INFO - Configuration loaded from: C:\laragon\www\open-source\pyscaffolder\config\config.yml
2025-08-21 17:20:54,724 - __main__ - INFO - Starting PyScaffolder...
2025-08-21 17:20:54,724 - __main__ - INFO - Using UI mode: auto
2025-08-21 17:20:54,724 - src.main - INFO - Starting PyScaffolder...
2025-08-21 17:20:54,725 - src.main - INFO - Using UI mode: cli
2025-08-21 17:20:54,725 - src.main - INFO - Starting CLI mode...
2025-08-21 17:21:42,282 - src.core.config - INFO - Configuration loaded from: C:\laragon\www\open-source\pyscaffolder\config\config.yml
2025-08-21 17:21:42,283 - __main__ - INFO - Starting PyScaffolder...
2025-08-21 17:21:42,283 - __main__ - INFO - Using UI mode: auto
2025-08-21 17:21:42,283 - src.main - INFO - Starting PyScaffolder...
2025-08-21 17:21:42,284 - src.main - INFO - Using UI mode: cli
2025-08-21 17:21:42,284 - src.main - INFO - Starting CLI mode...
2025-08-21 17:22:32,397 - src.core.config - INFO - Configuration loaded from: C:\laragon\www\open-source\pyscaffolder\config\config.yml
2025-08-21 17:22:32,398 - __main__ - INFO - Starting PyScaffolder...
2025-08-21 17:22:32,399 - __main__ - INFO - Using UI mode: auto
2025-08-21 17:22:32,399 - src.main - INFO - Starting PyScaffolder...
2025-08-21 17:22:32,399 - src.main - INFO - Using UI mode: cli
2025-08-21 17:22:32,400 - src.main - INFO - Starting CLI mode...
2025-08-21 17:24:05,360 - src.core.config - INFO - Configuration loaded from: C:\laragon\www\open-source\pyscaffolder\config\config.yml
2025-08-21 17:24:05,361 - __main__ - INFO - Starting PyScaffolder...
2025-08-21 17:24:05,362 - __main__ - INFO - Using UI mode: auto
2025-08-21 17:24:05,362 - src.main - INFO - Starting PyScaffolder...
2025-08-21 17:24:05,362 - src.main - INFO - Using UI mode: cli
2025-08-21 17:24:05,362 - src.main - INFO - Starting CLI mode...
2025-08-21 17:26:21,878 - src.core.config - INFO - Configuration loaded from: C:\laragon\www\open-source\pyscaffolder\config\config.yml
2025-08-21 17:26:21,879 - __main__ - INFO - Starting PyScaffolder...
2025-08-21 17:26:21,879 - __main__ - INFO - Using UI mode: auto
2025-08-21 17:26:21,879 - src.main - INFO - Starting PyScaffolder...
2025-08-21 17:26:21,879 - src.main - INFO - Using UI mode: cli
2025-08-21 17:26:21,880 - src.main - INFO - Starting CLI mode...
2025-08-21 17:27:28,923 - src.core.config - INFO - Configuration loaded from: C:\laragon\www\open-source\pyscaffolder\config\config.yml
2025-08-21 17:27:28,924 - __main__ - INFO - Starting PyScaffolder...
2025-08-21 17:27:28,925 - __main__ - INFO - Using UI mode: auto
2025-08-21 17:27:28,925 - src.main - INFO - Starting PyScaffolder...
2025-08-21 17:27:28,925 - src.main - INFO - Using UI mode: cli
2025-08-21 17:27:28,925 - src.main - INFO - Starting CLI mode...
2025-08-21 17:50:07,595 - src.core.config - INFO - Configuration loaded from: C:\laragon\www\open-source\pyscaffolder\config\config.yml
2025-08-21 17:50:07,596 - __main__ - INFO - Starting PyScaffolder...
2025-08-21 17:50:07,596 - __main__ - INFO - Using UI mode: auto
2025-08-21 17:50:07,596 - src.main - INFO - Starting PyScaffolder...
2025-08-21 17:50:07,596 - src.main - INFO - Using UI mode: cli
2025-08-21 17:50:07,597 - src.main - INFO - Starting CLI mode...
2025-08-21 17:50:55,436 - src.core.config - INFO - Configuration loaded from: C:\laragon\www\open-source\pyscaffolder\config\config.yml
2025-08-21 17:50:55,439 - __main__ - INFO - Starting PyScaffolder...
2025-08-21 17:50:55,440 - __main__ - INFO - Using UI mode: auto
2025-08-21 17:50:55,442 - src.main - INFO - Starting PyScaffolder...
2025-08-21 17:50:55,443 - src.main - INFO - Using UI mode: cli
2025-08-21 17:50:55,445 - src.main - INFO - Starting CLI mode...
2025-08-21 17:58:45,525 - src.core.config - INFO - Configuration loaded from: C:\laragon\www\open-source\pyscaffolder\config\config.yml
2025-08-21 17:58:45,527 - __main__ - INFO - Starting PyScaffolder...
2025-08-21 17:58:45,527 - __main__ - INFO - Using UI mode: auto
2025-08-21 17:58:45,527 - src.main - INFO - Starting PyScaffolder...
2025-08-21 17:58:45,527 - src.main - INFO - Using UI mode: cli
2025-08-21 17:58:45,528 - src.main - INFO - Starting CLI mode...
2025-08-21 18:08:06,936 - src.core.config - INFO - Configuration loaded from: C:\laragon\www\open-source\pyscaffolder\config\config.yml
2025-08-21 18:08:06,937 - __main__ - INFO - Starting PyScaffolder...
2025-08-21 18:08:06,938 - __main__ - INFO - Using UI mode: auto
2025-08-21 18:08:06,938 - src.main - INFO - Starting PyScaffolder...
2025-08-21 18:08:06,938 - src.main - INFO - Using UI mode: cli
2025-08-21 18:08:06,938 - src.main - INFO - Starting CLI mode...
2025-08-21 18:08:20,622 - src.core.config - INFO - Configuration loaded from: C:\laragon\www\open-source\pyscaffolder\config\config.yml
2025-08-21 18:08:20,624 - __main__ - INFO - Starting PyScaffolder...
2025-08-21 18:08:20,624 - __main__ - INFO - Using UI mode: auto
2025-08-21 18:08:20,624 - src.main - INFO - Starting PyScaffolder...
2025-08-21 18:08:20,625 - src.main - INFO - Using UI mode: cli
2025-08-21 18:08:20,625 - src.main - INFO - Starting CLI mode...
2025-08-21 18:10:15,609 - src.core.config - INFO - Configuration loaded from: C:\laragon\www\open-source\pyscaffolder\config\config.yml
2025-08-21 18:10:15,610 - __main__ - INFO - Starting PyScaffolder...
2025-08-21 18:10:15,610 - __main__ - INFO - Using UI mode: auto
2025-08-21 18:10:15,610 - src.main - INFO - Starting PyScaffolder...
2025-08-21 18:10:15,610 - src.main - INFO - Using UI mode: cli
2025-08-21 18:10:15,610 - src.main - INFO - Starting CLI mode...
2025-08-21 18:20:42,987 - src.core.config - INFO - Configuration loaded from: C:\laragon\www\open-source\pyscaffolder\config\config.yml
2025-08-21 18:20:42,989 - __main__ - INFO - Starting PyScaffolder...
2025-08-21 18:20:42,989 - __main__ - INFO - Using UI mode: tui
2025-08-21 18:20:42,990 - src.main - INFO - Starting PyScaffolder...
2025-08-21 18:20:42,991 - src.main - INFO - Using UI mode: cli
2025-08-21 18:20:42,991 - src.main - INFO - Starting CLI mode...
2025-08-21 19:08:19,472 - src.core.config - INFO - Configuration loaded from: C:\laragon\www\open-source\pyscaffolder\config\config.yml
2025-08-21 19:08:19,477 - __main__ - INFO - Starting PyScaffolder...
2025-08-21 19:08:19,477 - __main__ - INFO - Using UI mode: cli
2025-08-21 19:08:19,477 - src.main - INFO - Starting PyScaffolder...
2025-08-21 19:08:19,478 - src.main - INFO - Using CLI mode
2025-08-21 19:08:19,478 - src.main - INFO - Starting CLI mode...
